0 info it worked if it ends with ok
1 verbose cli [ 'C:\\Program Files\\nodejs\\node.exe',
1 verbose cli   'C:\\Program Files\\nodejs\\node_modules\\npm\\bin\\npm-cli.js',
1 verbose cli   'run',
1 verbose cli   'lint:fix' ]
2 info using npm@3.10.10
3 info using node@v6.11.3
4 verbose run-script [ 'prelint:fix', 'lint:fix', 'postlint:fix' ]
5 info lifecycle project2@1.2.0~prelint:fix: project2@1.2.0
6 silly lifecycle project2@1.2.0~prelint:fix: no script for prelint:fix, continuing
7 info lifecycle project2@1.2.0~lint:fix: project2@1.2.0
8 verbose lifecycle project2@1.2.0~lint:fix: unsafe-perm in lifecycle true
9 verbose lifecycle project2@1.2.0~lint:fix: PATH: C:\Program Files\nodejs\node_modules\npm\bin\node-gyp-bin;C:\Users\Golden Receiver\Documents\EECS448\project_1\node_modules\.bin;C:\ProgramData\Oracle\Java\javapath;C:\Windows\system32;C:\Windows;C:\Windows\System32\Wbem;C:\Windows\System32\WindowsPowerShell\v1.0\;C:\Program Files\Git\cmd;C:\Program Files\nodejs\;C:\Program Files\PuTTY\;C:\Users\Golden Receiver\AppData\Local\Microsoft\WindowsApps;C:\Users\Golden Receiver\AppData\Roaming\npm
10 verbose lifecycle project2@1.2.0~lint:fix: CWD: C:\Users\Golden Receiver\Documents\EECS448\project_1
11 silly lifecycle project2@1.2.0~lint:fix: Args: [ '/d /s /c', 'standard --fix' ]
12 silly lifecycle project2@1.2.0~lint:fix: Returned: code: 1  signal: null
13 info lifecycle project2@1.2.0~lint:fix: Failed to exec lint:fix script
14 verbose stack Error: project2@1.2.0 lint:fix: `standard --fix`
14 verbose stack Exit status 1
14 verbose stack     at EventEmitter.<anonymous> (C:\Program Files\nodejs\node_modules\npm\lib\utils\lifecycle.js:255:16)
14 verbose stack     at emitTwo (events.js:106:13)
14 verbose stack     at EventEmitter.emit (events.js:191:7)
14 verbose stack     at ChildProcess.<anonymous> (C:\Program Files\nodejs\node_modules\npm\lib\utils\spawn.js:40:14)
14 verbose stack     at emitTwo (events.js:106:13)
14 verbose stack     at ChildProcess.emit (events.js:191:7)
14 verbose stack     at maybeClose (internal/child_process.js:920:16)
14 verbose stack     at Process.ChildProcess._handle.onexit (internal/child_process.js:230:5)
15 verbose pkgid project2@1.2.0
16 verbose cwd C:\Users\Golden Receiver\Documents\EECS448\project_1
17 error Windows_NT 10.0.15063
18 error argv "C:\\Program Files\\nodejs\\node.exe" "C:\\Program Files\\nodejs\\node_modules\\npm\\bin\\npm-cli.js" "run" "lint:fix"
19 error node v6.11.3
20 error npm  v3.10.10
21 error code ELIFECYCLE
22 error project2@1.2.0 lint:fix: `standard --fix`
22 error Exit status 1
23 error Failed at the project2@1.2.0 lint:fix script 'standard --fix'.
23 error Make sure you have the latest version of node.js and npm installed.
23 error If you do, this is most likely a problem with the project2 package,
23 error not with npm itself.
23 error Tell the author that this fails on your system:
23 error     standard --fix
23 error You can get information on how to open an issue for this project with:
23 error     npm bugs project2
23 error Or if that isn't available, you can get their info via:
23 error     npm owner ls project2
23 error There is likely additional logging output above.
24 verbose exit [ 1, true ]
